{
  "RSpec": {
    "coverage": {
      "/home/ricardo/open-source/test_challenge/spec/models/classroom_spec.rb": [
        1,
        null,
        1,
        1,
        null
      ],
      "/home/ricardo/open-source/test_challenge/spec/rails_helper.rb": [
        null,
        1,
        1,
        null,
        1,
        1,
        1,
        1,
        1,
        null,
        null,
        null,
        null,
        null,
        null,
        null,
        null,
        null,
        null,
        null,
        null,
        null,
        null,
        null,
        null,
        null,
        null,
        null,
        1,
        null,
        1,
        null,
        null,
        null,
        null,
        null,
        1,
        null,
        null,
        null,
        null,
        null,
        null,
        null,
        null,
        null,
        null,
        null,
        null,
        null,
        null,
        1,
        null,
        null,
        1,
        null,
        null,
        1,
        1,
        null,
        1,
        null,
        null,
        1,
        1,
        1,
        null,
        1,
        null,
        null,
        null
      ],
      "/home/ricardo/open-source/test_challenge/config/environment.rb": [
        null,
        1,
        null,
        null,
        1
      ],
      "/home/ricardo/open-source/test_challenge/config/application.rb": [
        1,
        null,
        1,
        null,
        1,
        1,
        1,
        1,
        1,
        1,
        1,
        null,
        null,
        null,
        null,
        1,
        null,
        1,
        1,
        null,
        null,
        null,
        null,
        null,
        null,
        null,
        null,
        null,
        null,
        null,
        null,
        null,
        1,
        null,
        null
      ],
      "/home/ricardo/open-source/test_challenge/config/boot.rb": [
        1,
        null,
        1
      ],
      "/home/ricardo/open-source/test_challenge/config/environments/test.rb": [
        1,
        null,
        null,
        null,
        null,
        null,
        null,
        1,
        null,
        null,
        null,
        null,
        1,
        null,
        null,
        1,
        1,
        null,
        null,
        1,
        1,
        null,
        null,
        1,
        null,
        null,
        1,
        null,
        null,
        null,
        null,
        1,
        null,
        null,
        1,
        null,
        null,
        1,
        null,
        null,
        null,
        null
      ],
      "/home/ricardo/open-source/test_challenge/config/initializers/assets.rb": [
        null,
        null,
        null,
        1,
        null,
        null,
        null,
        null,
        null,
        null,
        null
      ],
      "/home/ricardo/open-source/test_challenge/config/initializers/backtrace_silencers.rb": [
        null,
        null,
        null,
        null,
        null,
        null,
        null
      ],
      "/home/ricardo/open-source/test_challenge/config/initializers/cookies_serializer.rb": [
        null,
        null,
        1
      ],
      "/home/ricardo/open-source/test_challenge/config/initializers/filter_parameter_logging.rb": [
        null,
        null,
        null,
        1
      ],
      "/home/ricardo/open-source/test_challenge/config/initializers/inflections.rb": [
        null,
        null,
        null,
        null,
        null,
        null,
        null,
        null,
        null,
        null,
        null,
        null,
        null,
        null,
        null,
        null
      ],
      "/home/ricardo/open-source/test_challenge/config/initializers/mime_types.rb": [
        null,
        null,
        null,
        null
      ],
      "/home/ricardo/open-source/test_challenge/config/initializers/session_store.rb": [
        null,
        null,
        1
      ],
      "/home/ricardo/open-source/test_challenge/config/initializers/wrap_parameters.rb": [
        null,
        null,
        null,
        null,
        null,
        null,
        1,
        1,
        null,
        null,
        null,
        null,
        null,
        null
      ],
      "/home/ricardo/open-source/test_challenge/spec/factories/classrooms.rb": [
        1,
        1,
        1,
        1,
        1,
        null,
        null
      ],
      "/home/ricardo/open-source/test_challenge/spec/factories/courses.rb": [
        1,
        1,
        1,
        1,
        1,
        null,
        null
      ],
      "/home/ricardo/open-source/test_challenge/spec/factories/students.rb": [
        1,
        1,
        1,
        1,
        1,
        null,
        null
      ],
      "/home/ricardo/open-source/test_challenge/config/routes.rb": [
        1,
        null,
        null,
        null,
        null,
        null,
        null,
        null,
        null,
        null,
        null,
        null,
        null,
        null,
        null,
        null,
        null,
        null,
        null,
        null,
        null,
        null,
        null,
        null,
        null,
        null,
        null,
        null,
        null,
        null,
        null,
        null,
        null,
        null,
        null,
        null,
        null,
        null,
        null,
        null,
        null,
        null,
        null,
        null,
        null,
        null,
        null,
        null,
        null,
        null,
        null,
        null,
        null,
        null,
        null,
        null
      ],
      "/home/ricardo/open-source/test_challenge/app/helpers/application_helper.rb": [
        1,
        null
      ],
      "/home/ricardo/open-source/test_challenge/spec/support/factory_girl.rb": [
        1,
        1,
        1,
        1,
        1,
        1,
        null,
        1,
        null,
        null,
        null
      ],
      "/home/ricardo/open-source/test_challenge/app/models/classroom.rb": [
        1,
        null
      ],
      "/home/ricardo/open-source/test_challenge/spec/models/course_spec.rb": [
        1,
        null,
        1,
        2,
        2,
        2,
        2,
        null,
        1,
        1,
        1,
        null,
        null,
        null,
        1,
        1,
        1,
        1,
        1,
        null,
        1,
        1,
        1,
        1,
        null,
        1,
        1,
        1,
        1,
        null,
        null,
        null
      ],
      "/home/ricardo/open-source/test_challenge/app/models/course.rb": [
        1,
        1,
        1,
        null
      ],
      "/home/ricardo/open-source/test_challenge/spec/models/student_spec.rb": [
        1,
        null,
        1,
        2,
        2,
        2,
        2,
        null,
        1,
        1,
        1,
        null,
        null,
        null,
        1,
        1,
        1,
        1,
        1,
        null,
        1,
        1,
        1,
        1,
        null,
        1,
        1,
        1,
        1,
        null,
        null,
        null,
        null
      ],
      "/home/ricardo/open-source/test_challenge/app/models/student.rb": [
        1,
        1,
        1,
        null
      ]
    },
    "timestamp": 1460077186
  }
}
